Arguments: 
  /Users/ayushi.jain/.nvm/versions/node/v12.20.0/bin/node /usr/local/bin/yarn cypress run --spec **/*.spec.js --reporter mocha-allure-reporter

PATH: 
  /Users/ayushi.jain/.nvm/versions/node/v12.20.0/bin:/usr/local/bin:/usr/bin:/bin:/usr/sbin:/sbin:/Library/Apple/usr/bin:/Users/ayushi.jain/.nvm/versions/node/v12.20.0/bin

Yarn version: 
  1.22.17

Node version: 
  12.20.0

Platform: 
  darwin x64

Trace: 
  SyntaxError: /Users/ayushi.jain/Desktop/Allurereport/package.json: Unexpected token ​ in JSON at position 185
      at JSON.parse (<anonymous>)
      at /usr/local/lib/node_modules/yarn/lib/cli.js:1625:59
      at Generator.next (<anonymous>)
      at step (/usr/local/lib/node_modules/yarn/lib/cli.js:310:30)
      at /usr/local/lib/node_modules/yarn/lib/cli.js:321:13

npm manifest: 
  {
    "name": "alluretrest",
    "version": "1.0.0",
    "description": "",
    "main": "index.js",
    "scripts": {
      "test": "echo \"Error: no test specified\" && exit 1",
      "clean:reports"​:​"​mkdir -p cypress/reports && rm -R -f cypress/reports/* && mkdir cypress/reports/mochareports​",
      "pretest": "npm run clean:reports",
      "cy:run": "cypress run",
      "cy:run:login": "cypress run --spec \"cypress/integration/1-getting-started/allure.spec.js\" --browser chrome --headless",
      "cy:run:loginFolder": "cypress run --spec \"cypress/integration/1-getting-started/**/*\" --reporter mocha-allure-reporter",
      "report:allure": "allure generate allure-results --clean -o allure-report && allure open allure-report",
      "test:allure": "npm run cy:run:loginFolder && npm run report:allure"
    },
    "author": "Ayushi jain",
    "license": "ISC",
    "devDependencies": {
      "@shelex/cypress-allure-plugin": "^2.25.0",
      "allure-commandline": "^2.17.2",
      "cypress": "^9.4.1",
      "mocha-allure-reporter": "^1.4.0"
    },
    "dependencies": {}
  }

yarn manifest: 
  No manifest

Lockfile: 
  No lockfile
